<?xml version="1.0" encoding="UTF-8"?>
<!-- Generated by org.testng.reporters.JUnitXMLReporter -->
<testsuite ignored="0" hostname="DESKTOP-I2NJFA0" failures="0" tests="5" name="Practo-finding-hospitals" time="651.882" errors="0" timestamp="24 Jul 2021 08:06:59 GMT">
  <testcase classname="com.cognizant.hackathon.tests.PractoTest" name="hospitalFindTest" time="453.295"/>
  <testcase classname="com.cognizant.hackathon.tests.PractoTest" name="topCitiesNameTest" time="6.327"/>
  <testcase classname="com.cognizant.hackathon.tests.PractoTest" name="invalidCheckModule" time="37.484"/>
  <testcase classname="com.cognizant.hackathon.tests.PractoTest" name="invalidCheckModule" time="35.0"/>
  <testcase classname="com.cognizant.hackathon.tests.PractoTest" name="invalidCheckModule" time="38.295"/>
</testsuite> <!-- Practo-finding-hospitals -->
